c:\users\haeri\downloads\compressed\skibidirizz\ext\obj\release\vc143.pdb
c:\users\haeri\downloads\compressed\skibidirizz\ext\obj\release\imgui_impl_win32.obj
c:\users\haeri\downloads\compressed\skibidirizz\ext\obj\release\imgui_impl_dx11.obj
c:\users\haeri\downloads\compressed\skibidirizz\ext\obj\release\imgui_widgets.obj
c:\users\haeri\downloads\compressed\skibidirizz\ext\obj\release\imgui_tables.obj
c:\users\haeri\downloads\compressed\skibidirizz\ext\obj\release\imgui_draw.obj
c:\users\haeri\downloads\compressed\skibidirizz\ext\obj\release\imgui_demo.obj
c:\users\haeri\downloads\compressed\skibidirizz\ext\obj\release\imgui.obj
c:\users\haeri\downloads\compressed\skibidirizz\ext\obj\release\os-imgui_external.obj
c:\users\haeri\downloads\compressed\skibidirizz\ext\obj\release\os-imgui_base.obj
c:\users\haeri\downloads\compressed\skibidirizz\ext\obj\release\os-imgui.obj
c:\users\haeri\downloads\compressed\skibidirizz\ext\obj\release\overlay.obj
c:\users\haeri\downloads\compressed\skibidirizz\ext\obj\release\triggerbot.obj
c:\users\haeri\downloads\compressed\skibidirizz\ext\obj\release\driver_interface.obj
c:\users\haeri\downloads\compressed\skibidirizz\ext\obj\release\main.obj
c:\users\haeri\downloads\compressed\skibidirizz\ext\bin\release\ext.exe
c:\users\haeri\downloads\compressed\skibidirizz\ext\bin\release\ext.pdb
c:\users\haeri\downloads\compressed\skibidirizz\ext\obj\release\ext.ipdb
c:\users\haeri\downloads\compressed\skibidirizz\ext\obj\release\ext.iobj
c:\users\haeri\downloads\compressed\skibidirizz\ext\obj\release\apex_esp.vcxproj.filelistabsolute.txt
c:\users\haeri\downloads\compressed\skibidirizz\ext\obj\release\ext.tlog\cl.command.1.tlog
c:\users\haeri\downloads\compressed\skibidirizz\ext\obj\release\ext.tlog\cl.items.tlog
c:\users\haeri\downloads\compressed\skibidirizz\ext\obj\release\ext.tlog\cl.read.1.tlog
c:\users\haeri\downloads\compressed\skibidirizz\ext\obj\release\ext.tlog\cl.write.1.tlog
c:\users\haeri\downloads\compressed\skibidirizz\ext\obj\release\ext.tlog\link.command.1.tlog
c:\users\haeri\downloads\compressed\skibidirizz\ext\obj\release\ext.tlog\link.read.1.tlog
c:\users\haeri\downloads\compressed\skibidirizz\ext\obj\release\ext.tlog\link.secondary.1.tlog
c:\users\haeri\downloads\compressed\skibidirizz\ext\obj\release\ext.tlog\link.write.1.tlog
